proguard/seeds.txt
com.drx2.bootmanager.Boot
com.drx2.bootmanager.Install
com.drx2.bootmanager.Installed
com.drx2.bootmanager.Installgapps
com.drx2.bootmanager.Loader
com.drx2.bootmanager.MainActivity
com.drx2.bootmanager.Manual
com.drx2.bootmanager.Manual: void onClick(android.view.View)
com.drx2.bootmanager.NandPicker
com.drx2.bootmanager.Restore
com.drx2.bootmanager.extras.About
com.drx2.bootmanager.extras.AmbilWarnaKotak
com.drx2.bootmanager.extras.AmbilWarnaKotak: AmbilWarnaKotak(android.content.Context,android.util.AttributeSet)
com.drx2.bootmanager.extras.AmbilWarnaKotak: AmbilWarnaKotak(android.content.Context,android.util.AttributeSet,int)
com.drx2.bootmanager.extras.Help
com.drx2.bootmanager.extras.Settings
com.drx2.bootmanager.extras.Tips
com.drx2.bootmanager.extras.UITweaks
com.drx2.bootmanager.manage.Manage
com.drx2.bootmanager.page.adapter.FragmentAdapter
com.drx2.bootmanager.page.adapter.PagerHeader
com.drx2.bootmanager.page.adapter.PagerHeader: PagerHeader(android.content.Context,android.util.AttributeSet)
com.drx2.bootmanager.screenshot.ScreenShot
com.drx2.bootmanager.services.BackupRestoreService
com.drx2.bootmanager.services.BootManagerService
com.drx2.bootmanager.services.BootService
com.drx2.bootmanager.services.NandRestoreService
com.drx2.bootmanager.utilities.AutoSdcard
com.drx2.bootmanager.utilities.BMAct
com.drx2.bootmanager.utilities.BMActivity
com.drx2.bootmanager.utilities.PhotoPicker
com.drx2.bootmanager.utilities.Romswitcher
com.drx2.bootmanager.utilities.SdcardOff
com.drx2.bootmanager.utilities.USBOff
com.drx2.bootmanager.widget.FragWidgetActivity
com.drx2.bootmanager.widget.FragWidgetLeft
com.drx2.bootmanager.widget.FragWidgetProvider
com.drx2.bootmanager.widget.FragWidgetRight
com.drx2.bootmanager.widget.WideWidgetDialog
com.drx2.bootmanager.widget.WideWidgetProvider
com.drx2.bootmanager.widget.WidgetDialog
com.drx2.bootmanager.widget.WidgetProvider
...
android.support.v4.app.BackStackState
android.support.v4.app.BackStackState: android.os.Parcelable$Creator CREATOR
android.support.v4.app.Fragment$SavedState
android.support.v4.app.Fragment$SavedState: android.os.Parcelable$Creator CREATOR
android.support.v4.app.FragmentActivity
android.support.v4.app.FragmentManagerState
android.support.v4.app.FragmentManagerState: android.os.Parcelable$Creator CREATOR
android.support.v4.app.FragmentState
android.support.v4.app.FragmentState: android.os.Parcelable$Creator CREATOR
android.support.v4.view.ViewPager
android.support.v4.view.ViewPager: ViewPager(android.content.Context,android.util.AttributeSet)
android.support.v4.view.ViewPager$SavedState
android.support.v4.view.ViewPager$SavedState: android.os.Parcelable$Creator CREATOR
com.android.vending.licensing.ILicensingService
com.android.vending.licensing.LicenseCheckerCallback$ApplicationErrorCode: com.android.vending.licensing.LicenseCheckerCallback$ApplicationErrorCode[] values()
com.android.vending.licensing.LicenseCheckerCallback$ApplicationErrorCode: com.android.vending.licensing.LicenseCheckerCallback$ApplicationErrorCode valueOf(java.lang.String)
com.android.vending.licensing.Policy$LicenseResponse: com.android.vending.licensing.Policy$LicenseResponse[] values()
com.android.vending.licensing.Policy$LicenseResponse: com.android.vending.licensing.Policy$LicenseResponse valueOf(java.lang.String)
com.markupartist.android.widget.ActionBar
com.markupartist.android.widget.ActionBar: ActionBar(android.content.Context,android.util.AttributeSet)
com.markupartist.android.widget.ScrollingTextView
com.markupartist.android.widget.ScrollingTextView: ScrollingTextView(android.content.Context,android.util.AttributeSet,int)
com.markupartist.android.widget.ScrollingTextView: ScrollingTextView(android.content.Context,android.util.AttributeSet)