proguard/mapping.txt
com.drx2.bootmanager.Boot -> com.drx2.bootmanager.Boot:
    com.drx2.bootmanager.MainActivity ri -> a
    com.drx2.bootmanager.Preferences sdBoostPrefs -> c
    com.drx2.bootmanager.utilities.Utilities u -> b
    23:42:void onReceive(android.content.Context,android.content.Intent) -> onReceive
    46:57:java.lang.String readBoost(java.lang.String) -> a
com.drx2.bootmanager.Install -> com.drx2.bootmanager.Install:
    android.widget.Button stopInstall -> c
    android.content.Intent i -> a
    android.content.Context context -> b
    26:67:void onCreate(android.os.Bundle) -> onCreate
com.drx2.bootmanager.Install$1 -> com.drx2.bootmanager.a:
    com.drx2.bootmanager.Install this$0 -> a
    35:65:void onClick(android.view.View) -> onClick
    33:33:com.drx2.bootmanager.Install access$0(com.drx2.bootmanager.Install$1) -> a
com.drx2.bootmanager.Install$1$1 -> com.drx2.bootmanager.b:
    com.drx2.bootmanager.Install$1 this$1 -> a
    41:57:void onClick(android.content.DialogInterface,int) -> onClick
com.drx2.bootmanager.Install$1$2 -> com.drx2.bootmanager.c:
    com.drx2.bootmanager.Install$1 this$1 -> a
    61:62:void onClick(android.content.DialogInterface,int) -> onClick
com.drx2.bootmanager.Installed -> com.drx2.bootmanager.Installed:
    com.drx2.bootmanager.utilities.ShellCommand s -> a
    com.drx2.bootmanager.utilities.Utilities u -> b
    java.util.List item -> v
    java.util.List path -> w
    java.lang.String root -> x
    java.lang.String current -> y
    java.lang.String slot -> z
    java.lang.String installtype -> A
    android.widget.Button installbutton -> c
    java.lang.String systemsize -> d
    java.lang.String datasize -> e
    java.lang.String cachesize -> f
    java.lang.String ext -> g
    android.content.Context context -> h
    android.content.SharedPreferences colors -> i
    android.content.SharedPreferences shared -> j
    java.io.File currentfile -> k
    java.util.ArrayList queue -> l
    java.util.ArrayList kernel -> m
    java.util.ArrayList bootimg -> n
    int queueTotal -> o
    boolean wipesystem -> p
    boolean wipedata -> q
    boolean wipecache -> r
    boolean kernelinqueue -> s
    android.widget.ArrayAdapter adapter -> t
    android.widget.AdapterView$OnItemLongClickListener longListen -> u
    88:212:void onCreate(android.os.Bundle) -> onCreate
    227:246:boolean onKeyDown(int,android.view.KeyEvent) -> onKeyDown
    250:293:void getDir(java.lang.String) -> b
    297:310:boolean ifkernel(java.lang.String) -> c
    315:343:void onListItemClick(android.widget.ListView,android.view.View,int,long) -> onListItemClick
    716:738:void startinstallservice(java.lang.String) -> d
com.drx2.bootmanager.Installed$1 -> com.drx2.bootmanager.d:
    com.drx2.bootmanager.Installed this$0 -> a
    668:686:boolean onItemLongClick(android.widget.AdapterView,android.view.View,int,long) -> onItemLongClick
com.drx2.bootmanager.Installed$1$1 -> com.drx2.bootmanager.e:
    com.drx2.bootmanager.Installed$1 this$1 -> a
    int val$position -> b
    675:679:void onClick(android.content.DialogInterface,int) -> onClick
com.drx2.bootmanager.Installed$1$2 -> com.drx2.bootmanager.f:
    com.drx2.bootmanager.Installed$1 this$1 -> a
    683:684:void onClick(android.content.DialogInterface,int) -> onClick
com.drx2.bootmanager.Installed$10 -> com.drx2.bootmanager.g:
    com.drx2.bootmanager.Installed this$0 -> a
    java.lang.String val$slot -> b
    473:479:void onClick(android.content.DialogInterface,int) -> onClick
com.drx2.bootmanager.Installed$11 -> com.drx2.bootmanager.h:
    com.drx2.bootmanager.Installed this$0 -> a
    608:608:void onCancel(android.content.DialogInterface) -> onCancel
com.drx2.bootmanager.Installed$12 -> com.drx2.bootmanager.i:
    com.drx2.bootmanager.Installed this$0 -> a
    android.widget.CheckBox val$wsystem -> b
    android.widget.CheckBox val$wdata -> c
    android.widget.CheckBox val$wcache -> d
    612:620:void onClick(android.content.DialogInterface,int) -> onClick
...
android.support.v4.view.ViewPager$ItemInfo -> android.support.v4.view.p:
    java.lang.Object object -> a
    int position -> b
    boolean scrolling -> c
android.support.v4.view.ViewPager$OnPageChangeListener -> android.support.v4.view.q:
    void onPageScrolled$486775f1(int,float) -> a
    void onPageSelected(int) -> b
android.support.v4.view.ViewPager$SavedState -> android.support.v4.view.ViewPager$SavedState:
    int position -> a
    android.os.Parcelable adapterState -> b
    java.lang.ClassLoader loader -> c
    android.os.Parcelable$Creator CREATOR -> CREATOR
    467:470:void writeToParcel(android.os.Parcel,int) -> writeToParcel
    474:474:java.lang.String toString() -> toString
android.support.v4.view.ViewPager$SavedState$1 -> android.support.v4.view.r:
    480:480:java.lang.Object[] newArray(int) -> a
    480:480:java.lang.Object createFromParcel$58b95460(android.os.Parcel) -> a
com.android.vending.licensing.AESObfuscator -> com.android.vending.licensing.a:
    byte[] IV -> a
    javax.crypto.Cipher mEncryptor -> b
    javax.crypto.Cipher mDecryptor -> c
    73:82:java.lang.String obfuscate(java.lang.String) -> a
    87:107:java.lang.String unobfuscate(java.lang.String) -> b
com.android.vending.licensing.DeviceLimiter -> com.android.vending.licensing.b:
    com.android.vending.licensing.Policy$LicenseResponse isDeviceAllowed$414f77c5() -> a
com.android.vending.licensing.ILicenseResultListener -> com.android.vending.licensing.c:
    void verifyLicense(int,java.lang.String,java.lang.String) -> a
com.android.vending.licensing.ILicenseResultListener$Stub -> com.android.vending.licensing.d:
    35:35:android.os.IBinder asBinder() -> asBinder
    39:59:boolean onTransact(int,android.os.Parcel,android.os.Parcel,int) -> onTransact
com.android.vending.licensing.ILicenseResultListener$Stub$Proxy -> com.android.vending.licensing.e:
    android.os.IBinder mRemote -> a
    70:70:android.os.IBinder asBinder() -> asBinder
    79:90:void verifyLicense(int,java.lang.String,java.lang.String) -> a
com.android.vending.licensing.ILicensingService -> com.android.vending.licensing.ILicensingService:
    void checkLicense(long,java.lang.String,com.android.vending.licensing.ILicenseResultListener) -> a
com.android.vending.licensing.ILicensingService$Stub -> com.android.vending.licensing.f:
    25:32:com.android.vending.licensing.ILicensingService asInterface(android.os.IBinder) -> a
    40:60:boolean onTransact(int,android.os.Parcel,android.os.Parcel,int) -> onTransact
com.android.vending.licensing.ILicensingService$Stub$Proxy -> com.android.vending.licensing.g:
    android.os.IBinder mRemote -> a
    71:71:android.os.IBinder asBinder() -> asBinder
    80:91:void checkLicense(long,java.lang.String,com.android.vending.licensing.ILicenseResultListener) -> a