proguard/usage.txt
com.drx2.bootmanager.Boot:
    private static final java.lang.String PREFS_DEVICE
com.drx2.bootmanager.Install:
    private static final java.lang.String PREFS_DEVICE
com.drx2.bootmanager.Installed:
    private static final java.lang.String PREFS_DEVICE
    741:751:private void startKernelinstallservice(java.lang.String)
    754:790:private void KernelextDialog(java.lang.String)
    740:740:static synthetic void access$12(com.drx2.bootmanager.Installed,java.lang.String)
com.drx2.bootmanager.Installed$15
com.drx2.bootmanager.Installed$16
com.drx2.bootmanager.Installgapps:
    android.widget.Button no
com.drx2.bootmanager.Loader:
    android.content.Intent i
    private static final java.lang.String PREFS_DEVICE
    java.lang.Boolean resetanimation
    private static final java.lang.String BASE64_PUBLIC_KEY
com.drx2.bootmanager.MainActivity:
    private static final java.lang.String PREFS_DEVICE
com.drx2.bootmanager.Manual:
    private static final java.lang.String PREFS_DEVICE
com.drx2.bootmanager.NandPicker:
    private java.lang.String installtype
    private static final java.lang.String PREFS_DEVICE
com.drx2.bootmanager.PhoneROM:
    protected static final int PHOTO_PICKED
    private static final java.lang.String PREFS_DEVICE
com.drx2.bootmanager.Preferences:
    private static final java.lang.String APP_SHARED_PREFS
com.drx2.bootmanager.R:
    10:10:public R()
com.drx2.bootmanager.R$anim
com.drx2.bootmanager.R$array
com.drx2.bootmanager.R$attr
com.drx2.bootmanager.R$color
com.drx2.bootmanager.R$dimen
com.drx2.bootmanager.R$drawable
com.drx2.bootmanager.R$id
com.drx2.bootmanager.R$layout
com.drx2.bootmanager.R$menu
com.drx2.bootmanager.R$string
com.drx2.bootmanager.R$style
com.drx2.bootmanager.R$styleable:
    public static final int ActionBar_title
    public static final int PagerHeader_activeTextColor
    public static final int PagerHeader_backgroundColor
    public static final int PagerHeader_fadingEdgeColorHint
    public static final int PagerHeader_fadingEdgeLength
    public static final int PagerHeader_inactiveTextColor
    public static final int PagerHeader_paddingPush
    public static final int PagerHeader_showBottomBar
    public static final int PagerHeader_showTab
    public static final int PagerHeader_showTopShadow
    public static final int PagerHeader_tabColor
    public static final int PagerHeader_tabHeight
    public static final int PagerHeader_tabPadding
    695:695:public R$styleable()
com.drx2.bootmanager.R$xml
com.drx2.bootmanager.Restore:
    java.lang.String systemsize
    java.lang.String datasize
    java.lang.String cachesize
    private static final java.lang.String PREFS_DEVICE
com.drx2.bootmanager.extras.About:
    android.content.Intent i
    private static final java.lang.String PREFS_DEVICE
com.drx2.bootmanager.extras.ActionItem:
    private android.graphics.Bitmap thumb
    private boolean selected
    50:51:public ActionItem(int,java.lang.String)
    59:60:public ActionItem(android.graphics.drawable.Drawable)
    69:70:public ActionItem(int,android.graphics.drawable.Drawable)
    113:114:public void setActionId(int)
    129:130:public void setSticky(boolean)
    145:146:public void setSelected(boolean)
    154:154:public boolean isSelected()
    163:164:public void setThumb(android.graphics.Bitmap)
    172:172:public android.graphics.Bitmap getThumb()
com.drx2.bootmanager.extras.AmbilWarnaDialog:
    203:203:public android.app.AlertDialog getDialog()
com.drx2.bootmanager.extras.AmbilWarnaKotak:
    15:16:public AmbilWarnaKotak(android.content.Context)
com.drx2.bootmanager.extras.Extras:
    private static final java.lang.String PREFS_DEVICE
com.drx2.bootmanager.extras.Help:
    android.content.Intent i
com.drx2.bootmanager.extras.PopupWindows:
    94:95:public void setBackgroundDrawable(android.graphics.drawable.Drawable)
    114:117:public void setContentView(int)
    125:126:public void setOnDismissListener(android.widget.PopupWindow$OnDismissListener)
...
com.android.vending.licensing.ILicensingService$Stub$Proxy:
    76:76:public java.lang.String getInterfaceDescriptor()
com.android.vending.licensing.LicenseChecker:
    private static final java.lang.String TAG
    private static final java.lang.String KEY_FACTORY_ALGORITHM
    private static final int TIMEOUT_MS
    280:282:public synchronized void onDestroy()
com.android.vending.licensing.LicenseValidator:
    private static final java.lang.String TAG
    private static final int LICENSED
    private static final int NOT_LICENSED
    private static final int LICENSED_OLD_KEY
    private static final int ERROR_NOT_MARKET_MANAGED
    private static final int ERROR_SERVER_FAILURE
    private static final int ERROR_OVER_QUOTA
    private static final int ERROR_CONTACTING_SERVER
    private static final int ERROR_INVALID_PACKAGE_NAME
    private static final int ERROR_NON_MATCHING_UID
    private static final java.lang.String SIGNATURE_ALGORITHM
com.android.vending.licensing.PreferenceObfuscator:
    private static final java.lang.String TAG
com.android.vending.licensing.ServerManagedPolicy:
    private static final java.lang.String TAG
    private static final java.lang.String PREFS_FILE
    private static final java.lang.String PREF_LAST_RESPONSE
    private static final java.lang.String PREF_VALIDITY_TIMESTAMP
    private static final java.lang.String PREF_RETRY_UNTIL
    private static final java.lang.String PREF_MAX_RETRIES
    private static final java.lang.String PREF_RETRY_COUNT
    private static final java.lang.String DEFAULT_VALIDITY_TIMESTAMP
    private static final java.lang.String DEFAULT_RETRY_UNTIL
    private static final java.lang.String DEFAULT_MAX_RETRIES
    private static final java.lang.String DEFAULT_RETRY_COUNT
    private static final long MILLIS_PER_MINUTE
    154:154:public long getRetryCount()
    180:180:public long getValidityTimestamp()
    206:206:public long getRetryUntil()
    232:232:public long getMaxRetries()
com.android.vending.licensing.StrictPolicy
com.android.vending.licensing.ValidationException:
    private static final long serialVersionUID
com.android.vending.licensing.util.Base64:
    public static final boolean ENCODE
    public static final boolean DECODE
    private static final byte EQUALS_SIGN
    private static final byte NEW_LINE
    private static final byte WHITE_SPACE_ENC
    private static final byte EQUALS_SIGN_ENC
    258:258:public static java.lang.String encodeWebSafe(byte[],boolean)
    431:432:public static byte[] decodeWebSafe(java.lang.String)
    445:445:public static byte[] decode(byte[])
    458:458:public static byte[] decodeWebSafe(byte[])
    489:489:public static byte[] decodeWebSafe(byte[],int,int)
com.android.vending.licensing.util.Base64DecoderException:
    private static final long serialVersionUID
com.markupartist.android.widget.ActionBar:
    101:102:public void clearHomeAction()
    114:117:public void setHomeLogo(int)
    123:124:public void setDisplayHomeAsUpEnabled(boolean)
    146:147:public void setProgressBarVisibility(int)
    156:156:public int getProgressBarVisibility()
    182:186:public void addActions(com.markupartist.android.widget.ActionBar$ActionList,int,int)
    218:219:public void removeActionAt(int)
    226:236:public void removeAction(com.markupartist.android.widget.ActionBar$Action)
    243:243:public int getActionCount()
com.markupartist.android.widget.ActionBar$AbstractAction
com.markupartist.android.widget.ActionBar$ActionList
com.markupartist.android.widget.ActionBar$IntentAction
com.markupartist.android.widget.ScrollingTextView:
    29:30:public ScrollingTextView(android.content.Context)
com.markupartist.android.widget.actionbar.R:
    10:10:public R()
com.markupartist.android.widget.actionbar.R$anim
com.markupartist.android.widget.actionbar.R$array
com.markupartist.android.widget.actionbar.R$attr
com.markupartist.android.widget.actionbar.R$color
com.markupartist.android.widget.actionbar.R$dimen